Build started 12/7/2017 8:13:29 PM.
     1>Project "F:\CPTS440\HW6 Project\HW6.vcxproj" on node 2 (Build target(s)).
     1>ClCompile:
         C:\Program Files (x86)\Microsoft Visual Studio 12.0\VC\bin\CL.exe /c /Zi /nologo /W3 /WX- /Od /Oy- /D WIN32 /D _DEBUG /D _CONSOLE /Gm /EHsc /RTC1 /MDd /GS /fp:precise /Zc:wchar_t /Zc:forScope /Fo"Debug\\" /Fd"Debug\vc120.pdb" /Gd /TP /analyze- /errorReport:prompt hw6\Action.cc hw6\Agent.cc hw6\Location.cc hw6\Orientation.cc hw6\Percept.cc hw6\wumpsim.cc hw6\WumpusWorld.cc
         WumpusWorld.cc
         wumpsim.cc
         Percept.cc
         Orientation.cc
         Location.cc
         Agent.cc
         Action.cc
         Generating Code...
       Link:
         C:\Program Files (x86)\Microsoft Visual Studio 12.0\VC\bin\link.exe /ERRORREPORT:PROMPT /OUT:"F:\CPTS440\HW6 Project\Debug\HW6.exe" /INCREMENTAL /NOLOGO kernel32.lib user32.lib gdi32.lib winspool.lib comdlg32.lib advapi32.lib shell32.lib ole32.lib oleaut32.lib uuid.lib odbc32.lib odbccp32.lib /MANIFEST /MANIFESTUAC:"level='asInvoker' uiAccess='false'" /manifest:embed /DEBUG /PDB:"F:\CPTS440\HW6 Project\Debug\HW6.pdb" /SUBSYSTEM:CONSOLE /TLBID:1 /DYNAMICBASE /NXCOMPAT /IMPLIB:"F:\CPTS440\HW6 Project\Debug\HW6.lib" /MACHINE:X86 Debug\Action.obj
         Debug\Agent.obj
         Debug\Location.obj
         Debug\Orientation.obj
         Debug\Percept.obj
         Debug\wumpsim.obj
         Debug\WumpusWorld.obj
         HW6.vcxproj -> F:\CPTS440\HW6 Project\Debug\HW6.exe
     1>Done Building Project "F:\CPTS440\HW6 Project\HW6.vcxproj" (Build target(s)).

Build succeeded.

Time Elapsed 00:00:18.77
